Release 14.7 - xst P.20131013 (lin64)
Copyright (c) 1995-2013 Xilinx, Inc.  All rights reserved.
--> 
Parameter TMPDIR set to xst/projnav.tmp


Total REAL time to Xst completion: 0.00 secs
Total CPU time to Xst completion: 0.04 secs
 
--> 
Parameter xsthdpdir set to xst


Total REAL time to Xst completion: 0.00 secs
Total CPU time to Xst completion: 0.04 secs
 
--> 
Reading design: keyboard_main.prj

TABLE OF CONTENTS
  1) Synthesis Options Summary
  2) HDL Parsing
  3) HDL Elaboration
  4) HDL Synthesis
       4.1) HDL Synthesis Report
  5) Advanced HDL Synthesis
       5.1) Advanced HDL Synthesis Report
  6) Low Level Synthesis
  7) Partition Report
  8) Design Summary
       8.1) Primitive and Black Box Usage
       8.2) Device utilization summary
       8.3) Partition Resource Summary
       8.4) Timing Report
            8.4.1) Clock Information
            8.4.2) Asynchronous Control Signals Information
            8.4.3) Timing Summary
            8.4.4) Timing Details
            8.4.5) Cross Clock Domains Report


=========================================================================
*                      Synthesis Options Summary                        *
=========================================================================
---- Source Parameters
Input File Name                    : "keyboard_main.prj"
Ignore Synthesis Constraint File   : NO

---- Target Parameters
Output File Name                   : "keyboard_main"
Output Format                      : NGC
Target Device                      : xc7a100t-1-csg324

---- Source Options
Top Module Name                    : keyboard_main
Automatic FSM Extraction           : YES
FSM Encoding Algorithm             : Auto
Safe Implementation                : No
FSM Style                          : LUT
RAM Extraction                     : Yes
RAM Style                          : Auto
ROM Extraction                     : Yes
Shift Register Extraction          : YES
ROM Style                          : Auto
Resource Sharing                   : YES
Asynchronous To Synchronous        : NO
Shift Register Minimum Size        : 2
Use DSP Block                      : Auto
Automatic Register Balancing       : No

---- Target Options
LUT Combining                      : Auto
Reduce Control Sets                : Auto
Add IO Buffers                     : YES
Global Maximum Fanout              : 100000
Add Generic Clock Buffer(BUFG)     : 32
Register Duplication               : YES
Optimize Instantiated Primitives   : NO
Use Clock Enable                   : Auto
Use Synchronous Set                : Auto
Use Synchronous Reset              : Auto
Pack IO Registers into IOBs        : Auto
Equivalent register Removal        : YES

---- General Options
Optimization Goal                  : Speed
Optimization Effort                : 1
Power Reduction                    : NO
Keep Hierarchy                     : No
Netlist Hierarchy                  : As_Optimized
RTL Output                         : Yes
Global Optimization                : AllClockNets
Read Cores                         : YES
Write Timing Constraints           : NO
Cross Clock Analysis               : NO
Hierarchy Separator                : /
Bus Delimiter                      : <>
Case Specifier                     : Maintain
Slice Utilization Ratio            : 100
BRAM Utilization Ratio             : 100
DSP48 Utilization Ratio            : 100
Auto BRAM Packing                  : NO
Slice Utilization Ratio Delta      : 5

=========================================================================


=========================================================================
*                          HDL Parsing                                  *
=========================================================================
Parsing VHDL file "/home/scandic/Documents/hpi-vhdl-2016/pue3/Keyboard/scanner.vhd" into library work
Parsing entity <scanner>.
Parsing architecture <Behavioral> of entity <scanner>.
Parsing VHDL file "/home/scandic/Documents/hpi-vhdl-2016/pue3/Keyboard/RF_fetch.vhd" into library work
Parsing entity <RF_fetch>.
Parsing architecture <Behavioral> of entity <rf_fetch>.
Parsing VHDL file "/home/scandic/Documents/hpi-vhdl-2016/pue3/Keyboard/keyboard-main.vhd" into library work
Parsing entity <keyboard_main>.
Parsing architecture <Behavioral> of entity <keyboard_main>.

=========================================================================
*                            HDL Elaboration                            *
=========================================================================

Elaborating entity <keyboard_main> (architecture <Behavioral>) from library <work>.

Elaborating entity <RF_fetch> (architecture <Behavioral>) from library <work>.

Elaborating entity <scanner> (architecture <Behavioral>) from library <work>.

=========================================================================
*                           HDL Synthesis                               *
=========================================================================

Synthesizing Unit <keyboard_main>.
    Related source file is "/home/scandic/Documents/hpi-vhdl-2016/pue3/Keyboard/keyboard-main.vhd".
    Summary:
	no macro.
Unit <keyboard_main> synthesized.

Synthesizing Unit <RF_fetch>.
    Related source file is "/home/scandic/Documents/hpi-vhdl-2016/pue3/Keyboard/RF_fetch.vhd".
    Found 2-bit register for signal <clk_history>.
    Summary:
	inferred   2 D-type flip-flop(s).
Unit <RF_fetch> synthesized.

Synthesizing Unit <scanner>.
    Related source file is "/home/scandic/Documents/hpi-vhdl-2016/pue3/Keyboard/scanner.vhd".
    Found 11-bit register for signal <dscan>.
    Summary:
	inferred  11 D-type flip-flop(s).
	inferred   1 Multiplexer(s).
Unit <scanner> synthesized.

=========================================================================
HDL Synthesis Report

Macro Statistics
# Registers                                            : 2
 11-bit register                                       : 1
 2-bit register                                        : 1
# Multiplexers                                         : 1
 11-bit 2-to-1 multiplexer                             : 1

=========================================================================

=========================================================================
*                       Advanced HDL Synthesis                          *
=========================================================================


=========================================================================
Advanced HDL Synthesis Report

Macro Statistics
# Registers                                            : 13
 Flip-Flops                                            : 13
# Multiplexers                                         : 1
 11-bit 2-to-1 multiplexer                             : 1

=========================================================================

=========================================================================
*                         Low Level Synthesis                           *
=========================================================================

Optimizing unit <keyboard_main> ...

Optimizing unit <scanner> ...

Mapping all equations...
Building and optimizing final netlist ...
Found area constraint ratio of 100 (+ 5) on block keyboard_main, actual ratio is 0.

Final Macro Processing ...

=========================================================================
Final Register Report

Macro Statistics
# Registers                                            : 13
 Flip-Flops                                            : 13

=========================================================================

=========================================================================
*                           Partition Report                            *
=========================================================================

Partition Implementation Status
-------------------------------

  No Partitions were found in this design.

-------------------------------

=========================================================================
*                            Design Summary                             *
=========================================================================

Top Level Output File Name         : keyboard_main.ngc

Primitive and Black Box Usage:
------------------------------
# BELS                             : 12
#      INV                         : 1
#      LUT3                        : 1
#      LUT5                        : 10
# FlipFlops/Latches                : 13
#      FDP                         : 13
# Clock Buffers                    : 1
#      BUFGP                       : 1
# IO Buffers                       : 12
#      IBUF                        : 3
#      OBUF                        : 9

Device utilization summary:
---------------------------

Selected Device : 7a100tcsg324-1 


Slice Logic Utilization: 
 Number of Slice Registers:              13  out of  126800     0%  
 Number of Slice LUTs:                   12  out of  63400     0%  
    Number used as Logic:                12  out of  63400     0%  

Slice Logic Distribution: 
 Number of LUT Flip Flop pairs used:     14
   Number with an unused Flip Flop:       1  out of     14     7%  
   Number with an unused LUT:             2  out of     14    14%  
   Number of fully used LUT-FF pairs:    11  out of     14    78%  
   Number of unique control sets:         1

IO Utilization: 
 Number of IOs:                          13
 Number of bonded IOBs:                  13  out of    210     6%  

Specific Feature Utilization:
 Number of BUFG/BUFGCTRLs:                1  out of     32     3%  

---------------------------
Partition Resource Summary:
---------------------------

  No Partitions were found in this design.

---------------------------


=========================================================================
Timing Report

NOTE: THESE TIMING NUMBERS ARE ONLY A SYNTHESIS ESTIMATE.
      FOR ACCURATE TIMING INFORMATION PLEASE REFER TO THE TRACE REPORT
      GENERATED AFTER PLACE-and-ROUTE.

Clock Information:
------------------
-----------------------------------+------------------------+-------+
Clock Signal                       | Clock buffer(FF name)  | Load  |
-----------------------------------+------------------------+-------+
clk                                | BUFGP                  | 13    |
-----------------------------------+------------------------+-------+

Asynchronous Control Signals Information:
----------------------------------------
No asynchronous control signals found in this design

Timing Summary:
---------------
Speed Grade: -1

   Minimum period: 1.565ns (Maximum Frequency: 638.978MHz)
   Minimum input arrival time before clock: 1.074ns
   Maximum output required time after clock: 1.488ns
   Maximum combinational path delay: No path found

Timing Details:
---------------
All values displayed in nanoseconds (ns)

=========================================================================
Timing constraint: Default period analysis for Clock 'clk'
  Clock period: 1.565ns (frequency: 638.978MHz)
  Total number of paths / destination ports: 53 / 12
-------------------------------------------------------------------------
Delay:               1.565ns (Levels of Logic = 1)
  Source:            scanner0/dscan_8 (FF)
  Destination:       scanner0/dscan_8 (FF)
  Source Clock:      clk rising
  Destination Clock: clk rising

  Data Path: scanner0/dscan_8 to scanner0/dscan_8
                                Gate     Net
    Cell:in->out      fanout   Delay   Delay  Logical Name (Net Name)
    ----------------------------------------  ------------
     FDP:C->Q              3   0.478   0.933  scanner0/dscan_8 (scanner0/dscan_8)
     LUT5:I0->O            1   0.124   0.000  scanner0/dscan_8_rstpot (scanner0/dscan_8_rstpot)
     FDP:D                     0.030          scanner0/dscan_8
    ----------------------------------------
    Total                      1.565ns (0.632ns logic, 0.933ns route)
                                       (40.4% logic, 59.6% route)

=========================================================================
Timing constraint: Default OFFSET IN BEFORE for Clock 'clk'
  Total number of paths / destination ports: 15 / 15
-------------------------------------------------------------------------
Offset:              1.074ns (Levels of Logic = 2)
  Source:            kbdata (PAD)
  Destination:       scanner0/dscan_10 (FF)
  Destination Clock: clk rising

  Data Path: kbdata to scanner0/dscan_10
                                Gate     Net
    Cell:in->out      fanout   Delay   Delay  Logical Name (Net Name)
    ----------------------------------------  ------------
     IBUF:I->O             1   0.001   0.919  kbdata_IBUF (kbdata_IBUF)
     LUT5:I0->O            1   0.124   0.000  scanner0/dscan_10_rstpot (scanner0/dscan_10_rstpot)
     FDP:D                     0.030          scanner0/dscan_10
    ----------------------------------------
    Total                      1.074ns (0.155ns logic, 0.919ns route)
                                       (14.4% logic, 85.6% route)

=========================================================================
Timing constraint: Default OFFSET OUT AFTER for Clock 'clk'
  Total number of paths / destination ports: 9 / 9
-------------------------------------------------------------------------
Offset:              1.488ns (Levels of Logic = 2)
  Source:            scanner0/dscan_0 (FF)
  Destination:       ready (PAD)
  Source Clock:      clk rising

  Data Path: scanner0/dscan_0 to ready
                                Gate     Net
    Cell:in->out      fanout   Delay   Delay  Logical Name (Net Name)
    ----------------------------------------  ------------
     FDP:C->Q             11   0.478   0.465  scanner0/dscan_0 (scanner0/dscan_0)
     INV:I->O              1   0.146   0.399  scanner0/ready1_INV_0 (ready_OBUF)
     OBUF:I->O                 0.000          ready_OBUF (ready)
    ----------------------------------------
    Total                      1.488ns (0.624ns logic, 0.864ns route)
                                       (41.9% logic, 58.1% route)

=========================================================================

Cross Clock Domains Report:
--------------------------

Clock to Setup on destination clock clk
---------------+---------+---------+---------+---------+
               | Src:Rise| Src:Fall| Src:Rise| Src:Fall|
Source Clock   |Dest:Rise|Dest:Rise|Dest:Fall|Dest:Fall|
---------------+---------+---------+---------+---------+
clk            |    1.565|         |         |         |
---------------+---------+---------+---------+---------+

=========================================================================


Total REAL time to Xst completion: 10.00 secs
Total CPU time to Xst completion: 10.32 secs
 
--> 


Total memory usage is 510724 kilobytes

Number of errors   :    0 (   0 filtered)
Number of warnings :    0 (   0 filtered)
Number of infos    :    0 (   0 filtered)

