Release 14.7 - xst P.20131013 (lin64)
Copyright (c) 1995-2013 Xilinx, Inc.  All rights reserved.
--> 
Parameter TMPDIR set to xst/projnav.tmp


Total REAL time to Xst completion: 0.00 secs
Total CPU time to Xst completion: 0.06 secs
 
--> 
Parameter xsthdpdir set to xst


Total REAL time to Xst completion: 0.00 secs
Total CPU time to Xst completion: 0.06 secs
 
--> 
Reading design: S_Reg.prj

TABLE OF CONTENTS
  1) Synthesis Options Summary
  2) HDL Parsing
  3) HDL Elaboration
  4) HDL Synthesis
       4.1) HDL Synthesis Report
  5) Advanced HDL Synthesis
       5.1) Advanced HDL Synthesis Report
  6) Low Level Synthesis
  7) Partition Report
  8) Design Summary
       8.1) Primitive and Black Box Usage
       8.2) Device utilization summary
       8.3) Partition Resource Summary
       8.4) Timing Report
            8.4.1) Clock Information
            8.4.2) Asynchronous Control Signals Information
            8.4.3) Timing Summary
            8.4.4) Timing Details
            8.4.5) Cross Clock Domains Report


=========================================================================
*                      Synthesis Options Summary                        *
=========================================================================
---- Source Parameters
Input File Name                    : "S_Reg.prj"
Ignore Synthesis Constraint File   : NO

---- Target Parameters
Output File Name                   : "S_Reg"
Output Format                      : NGC
Target Device                      : xc7a100t-1-csg324

---- Source Options
Top Module Name                    : S_Reg
Automatic FSM Extraction           : YES
FSM Encoding Algorithm             : Auto
Safe Implementation                : No
FSM Style                          : LUT
RAM Extraction                     : Yes
RAM Style                          : Auto
ROM Extraction                     : Yes
Shift Register Extraction          : YES
ROM Style                          : Auto
Resource Sharing                   : YES
Asynchronous To Synchronous        : NO
Shift Register Minimum Size        : 2
Use DSP Block                      : Auto
Automatic Register Balancing       : No

---- Target Options
LUT Combining                      : Auto
Reduce Control Sets                : Auto
Add IO Buffers                     : YES
Global Maximum Fanout              : 100000
Add Generic Clock Buffer(BUFG)     : 32
Register Duplication               : YES
Optimize Instantiated Primitives   : NO
Use Clock Enable                   : Auto
Use Synchronous Set                : Auto
Use Synchronous Reset              : Auto
Pack IO Registers into IOBs        : Auto
Equivalent register Removal        : YES

---- General Options
Optimization Goal                  : Speed
Optimization Effort                : 1
Power Reduction                    : NO
Keep Hierarchy                     : No
Netlist Hierarchy                  : As_Optimized
RTL Output                         : Yes
Global Optimization                : AllClockNets
Read Cores                         : YES
Write Timing Constraints           : NO
Cross Clock Analysis               : NO
Hierarchy Separator                : /
Bus Delimiter                      : <>
Case Specifier                     : Maintain
Slice Utilization Ratio            : 100
BRAM Utilization Ratio             : 100
DSP48 Utilization Ratio            : 100
Auto BRAM Packing                  : NO
Slice Utilization Ratio Delta      : 5

=========================================================================


=========================================================================
*                          HDL Parsing                                  *
=========================================================================
Parsing VHDL file "/home/scandic/Documents/hpi-vhdl-2016/pue2/Moebius/S_Reg.vhd" into library work
Parsing entity <S_Reg>.
INFO:HDLCompiler:1676 - "/home/scandic/Documents/hpi-vhdl-2016/pue2/Moebius/S_Reg.vhd" Line 39. declaration of a buffer port will make it difficult for you to validate this design by simulation. It is preferable to declare it as output
Parsing architecture <Behavioral> of entity <s_reg>.

=========================================================================
*                            HDL Elaboration                            *
=========================================================================

Elaborating entity <S_Reg> (architecture <Behavioral>) from library <work>.

=========================================================================
*                           HDL Synthesis                               *
=========================================================================

Synthesizing Unit <S_Reg>.
    Related source file is "/home/scandic/Documents/hpi-vhdl-2016/pue2/Moebius/S_Reg.vhd".
WARNING:Xst:647 - Input <e_r> is never used. This port will be preserved and left unconnected if it belongs to a top-level block or it belongs to a sub-block and the hierarchy of this sub-block is preserved.
    Found 4-bit register for signal <Q>.
    Summary:
	inferred   4 D-type flip-flop(s).
	inferred   2 Multiplexer(s).
Unit <S_Reg> synthesized.

=========================================================================
HDL Synthesis Report

Macro Statistics
# Registers                                            : 1
 4-bit register                                        : 1
# Multiplexers                                         : 2
 4-bit 2-to-1 multiplexer                              : 2

=========================================================================

=========================================================================
*                       Advanced HDL Synthesis                          *
=========================================================================


=========================================================================
Advanced HDL Synthesis Report

Macro Statistics
# Registers                                            : 4
 Flip-Flops                                            : 4
# Multiplexers                                         : 5
 1-bit 2-to-1 multiplexer                              : 4
 4-bit 2-to-1 multiplexer                              : 1

=========================================================================

=========================================================================
*                         Low Level Synthesis                           *
=========================================================================
WARNING:Xst:2170 - Unit S_Reg : the following signal(s) form a combinatorial loop: n0002.

Optimizing unit <S_Reg> ...

Mapping all equations...
Building and optimizing final netlist ...
Found area constraint ratio of 100 (+ 5) on block S_Reg, actual ratio is 0.

Final Macro Processing ...

=========================================================================
Final Register Report

Macro Statistics
# Registers                                            : 4
 Flip-Flops                                            : 4

=========================================================================

=========================================================================
*                           Partition Report                            *
=========================================================================

Partition Implementation Status
-------------------------------

  No Partitions were found in this design.

-------------------------------

=========================================================================
*                            Design Summary                             *
=========================================================================

Top Level Output File Name         : S_Reg.ngc

Primitive and Black Box Usage:
------------------------------
# BELS                             : 6
#      LUT2                        : 1
#      LUT3                        : 1
#      LUT5                        : 4
# FlipFlops/Latches                : 4
#      FDCE_1                      : 4
# IO Buffers                       : 14
#      IBUF                        : 10
#      OBUF                        : 4

Device utilization summary:
---------------------------

Selected Device : 7a100tcsg324-1 


Slice Logic Utilization: 
 Number of Slice Registers:               4  out of  126800     0%  
 Number of Slice LUTs:                    6  out of  63400     0%  
    Number used as Logic:                 6  out of  63400     0%  

Slice Logic Distribution: 
 Number of LUT Flip Flop pairs used:     10
   Number with an unused Flip Flop:       6  out of     10    60%  
   Number with an unused LUT:             4  out of     10    40%  
   Number of fully used LUT-FF pairs:     0  out of     10     0%  
   Number of unique control sets:         1

IO Utilization: 
 Number of IOs:                          15
 Number of bonded IOBs:                  14  out of    210     6%  

Specific Feature Utilization:

---------------------------
Partition Resource Summary:
---------------------------

  No Partitions were found in this design.

---------------------------


=========================================================================
Timing Report

NOTE: THESE TIMING NUMBERS ARE ONLY A SYNTHESIS ESTIMATE.
      FOR ACCURATE TIMING INFORMATION PLEASE REFER TO THE TRACE REPORT
      GENERATED AFTER PLACE-and-ROUTE.

Clock Information:
------------------
-----------------------------------+------------------------+-------+
Clock Signal                       | Clock buffer(FF name)  | Load  |
-----------------------------------+------------------------+-------+
n0002(n00021:O)                    | NONE(*)(Q_0)           | 4     |
-----------------------------------+------------------------+-------+
(*) This 1 clock signal(s) are generated by combinatorial logic,
and XST is not able to identify which are the primary clock signals.
Please use the CLOCK_SIGNAL constraint to specify the clock signal(s) generated by combinatorial logic.
INFO:Xst:2169 - HDL ADVISOR - Some clock signals were not automatically buffered by XST with BUFG/BUFR resources. Please use the buffer_type constraint in order to insert these buffers to the clock signals to help prevent skew problems.

Asynchronous Control Signals Information:
----------------------------------------
No asynchronous control signals found in this design

Timing Summary:
---------------
Speed Grade: -1

   Minimum period: 1.188ns (Maximum Frequency: 841.751MHz)
   Minimum input arrival time before clock: 1.246ns
   Maximum output required time after clock: 0.897ns
   Maximum combinational path delay: No path found

Timing Details:
---------------
All values displayed in nanoseconds (ns)

=========================================================================
Timing constraint: Default period analysis for Clock 'n0002'
  Clock period: 1.188ns (frequency: 841.751MHz)
  Total number of paths / destination ports: 7 / 4
-------------------------------------------------------------------------
Delay:               1.188ns (Levels of Logic = 1)
  Source:            Q_1 (FF)
  Destination:       Q_0 (FF)
  Source Clock:      n0002 falling
  Destination Clock: n0002 falling

  Data Path: Q_1 to Q_0
                                Gate     Net
    Cell:in->out      fanout   Delay   Delay  Logical Name (Net Name)
    ----------------------------------------  ------------
     FDCE_1:C->Q           3   0.484   0.550  Q_1 (Q_1)
     LUT5:I3->O            1   0.124   0.000  mux41 (D<0>)
     FDCE_1:D                  0.030          Q_0
    ----------------------------------------
    Total                      1.188ns (0.638ns logic, 0.550ns route)
                                       (53.7% logic, 46.3% route)

=========================================================================
Timing constraint: Default OFFSET IN BEFORE for Clock 'n0002'
  Total number of paths / destination ports: 25 / 12
-------------------------------------------------------------------------
Offset:              1.246ns (Levels of Logic = 2)
  Source:            S<2> (PAD)
  Destination:       Q_0 (FF)
  Destination Clock: n0002 falling

  Data Path: S<2> to Q_0
                                Gate     Net
    Cell:in->out      fanout   Delay   Delay  Logical Name (Net Name)
    ----------------------------------------  ------------
     IBUF:I->O             5   0.001   0.563  S_2_IBUF (S_2_IBUF)
     LUT2:I0->O            4   0.124   0.419  _n0021_inv1 (_n0021_inv)
     FDCE_1:CE                 0.139          Q_0
    ----------------------------------------
    Total                      1.246ns (0.264ns logic, 0.982ns route)
                                       (21.2% logic, 78.8% route)

=========================================================================
Timing constraint: Default OFFSET OUT AFTER for Clock 'n0002'
  Total number of paths / destination ports: 4 / 4
-------------------------------------------------------------------------
Offset:              0.897ns (Levels of Logic = 1)
  Source:            Q_3 (FF)
  Destination:       Q<3> (PAD)
  Source Clock:      n0002 falling

  Data Path: Q_3 to Q<3>
                                Gate     Net
    Cell:in->out      fanout   Delay   Delay  Logical Name (Net Name)
    ----------------------------------------  ------------
     FDCE_1:C->Q           3   0.484   0.413  Q_3 (Q_3)
     OBUF:I->O                 0.000          Q_3_OBUF (Q<3>)
    ----------------------------------------
    Total                      0.897ns (0.484ns logic, 0.413ns route)
                                       (54.0% logic, 46.0% route)

=========================================================================

Cross Clock Domains Report:
--------------------------

Clock to Setup on destination clock n0002
---------------+---------+---------+---------+---------+
               | Src:Rise| Src:Fall| Src:Rise| Src:Fall|
Source Clock   |Dest:Rise|Dest:Rise|Dest:Fall|Dest:Fall|
---------------+---------+---------+---------+---------+
n0002          |         |         |    1.188|         |
---------------+---------+---------+---------+---------+

=========================================================================


Total REAL time to Xst completion: 11.00 secs
Total CPU time to Xst completion: 11.10 secs
 
--> 


Total memory usage is 510656 kilobytes

Number of errors   :    0 (   0 filtered)
Number of warnings :    2 (   0 filtered)
Number of infos    :    1 (   0 filtered)

