Release 14.7 - xst P.20131013 (lin64)
Copyright (c) 1995-2013 Xilinx, Inc.  All rights reserved.
--> 
Parameter TMPDIR set to xst/projnav.tmp


Total REAL time to Xst completion: 0.00 secs
Total CPU time to Xst completion: 0.05 secs
 
--> 
Parameter xsthdpdir set to xst


Total REAL time to Xst completion: 0.00 secs
Total CPU time to Xst completion: 0.05 secs
 
--> 
Reading design: Fanoe.prj

TABLE OF CONTENTS
  1) Synthesis Options Summary
  2) HDL Parsing
  3) HDL Elaboration
  4) HDL Synthesis
       4.1) HDL Synthesis Report
  5) Advanced HDL Synthesis
       5.1) Advanced HDL Synthesis Report
  6) Low Level Synthesis
  7) Partition Report
  8) Design Summary
       8.1) Primitive and Black Box Usage
       8.2) Device utilization summary
       8.3) Partition Resource Summary
       8.4) Timing Report
            8.4.1) Clock Information
            8.4.2) Asynchronous Control Signals Information
            8.4.3) Timing Summary
            8.4.4) Timing Details
            8.4.5) Cross Clock Domains Report


=========================================================================
*                      Synthesis Options Summary                        *
=========================================================================
---- Source Parameters
Input File Name                    : "Fanoe.prj"
Ignore Synthesis Constraint File   : NO

---- Target Parameters
Output File Name                   : "Fanoe"
Output Format                      : NGC
Target Device                      : xc7a100t-1-csg324

---- Source Options
Top Module Name                    : Fanoe
Automatic FSM Extraction           : YES
FSM Encoding Algorithm             : Auto
Safe Implementation                : No
FSM Style                          : LUT
RAM Extraction                     : Yes
RAM Style                          : Auto
ROM Extraction                     : Yes
Shift Register Extraction          : YES
ROM Style                          : Auto
Resource Sharing                   : YES
Asynchronous To Synchronous        : NO
Shift Register Minimum Size        : 2
Use DSP Block                      : Auto
Automatic Register Balancing       : No

---- Target Options
LUT Combining                      : Auto
Reduce Control Sets                : Auto
Add IO Buffers                     : YES
Global Maximum Fanout              : 100000
Add Generic Clock Buffer(BUFG)     : 32
Register Duplication               : YES
Optimize Instantiated Primitives   : NO
Use Clock Enable                   : Auto
Use Synchronous Set                : Auto
Use Synchronous Reset              : Auto
Pack IO Registers into IOBs        : Auto
Equivalent register Removal        : YES

---- General Options
Optimization Goal                  : Speed
Optimization Effort                : 1
Power Reduction                    : NO
Keep Hierarchy                     : No
Netlist Hierarchy                  : As_Optimized
RTL Output                         : Yes
Global Optimization                : AllClockNets
Read Cores                         : YES
Write Timing Constraints           : NO
Cross Clock Analysis               : NO
Hierarchy Separator                : /
Bus Delimiter                      : <>
Case Specifier                     : Maintain
Slice Utilization Ratio            : 100
BRAM Utilization Ratio             : 100
DSP48 Utilization Ratio            : 100
Auto BRAM Packing                  : NO
Slice Utilization Ratio Delta      : 5

=========================================================================


=========================================================================
*                          HDL Parsing                                  *
=========================================================================
Parsing VHDL file "/home/scandic/Documents/hpi-vhdl-2016/pue2/Fanoe/Fanoe.vhd" into library work
Parsing entity <Fanoe>.
Parsing architecture <Behavioral> of entity <fanoe>.

=========================================================================
*                            HDL Elaboration                            *
=========================================================================

Elaborating entity <Fanoe> (architecture <Behavioral>) from library <work>.
WARNING:HDLCompiler:92 - "/home/scandic/Documents/hpi-vhdl-2016/pue2/Fanoe/Fanoe.vhd" Line 61: x_sync should be on the sensitivity list of the process
WARNING:HDLCompiler:92 - "/home/scandic/Documents/hpi-vhdl-2016/pue2/Fanoe/Fanoe.vhd" Line 67: q_int should be on the sensitivity list of the process
WARNING:HDLCompiler:92 - "/home/scandic/Documents/hpi-vhdl-2016/pue2/Fanoe/Fanoe.vhd" Line 68: nq_int should be on the sensitivity list of the process

=========================================================================
*                           HDL Synthesis                               *
=========================================================================

Synthesizing Unit <Fanoe>.
    Related source file is "/home/scandic/Documents/hpi-vhdl-2016/pue2/Fanoe/Fanoe.vhd".
    Found 1-bit register for signal <x_sync>.
    Found 2-bit register for signal <S_me>.
    Found 3-bit register for signal <S_mo>.
    Found finite state machine <FSM_0> for signal <S_me>.
    -----------------------------------------------------------------------
    | States             | 3                                              |
    | Transitions        | 5                                              |
    | Inputs             | 1                                              |
    | Outputs            | 2                                              |
    | Clock              | n0003 (falling_edge)                           |
    | Reset              | Reset (positive)                               |
    | Reset type         | asynchronous                                   |
    | Reset State        | s1_me                                          |
    | Power Up State     | s1_me                                          |
    | Encoding           | auto                                           |
    | Implementation     | LUT                                            |
    -----------------------------------------------------------------------
    Found finite state machine <FSM_1> for signal <S_mo>.
    -----------------------------------------------------------------------
    | States             | 7                                              |
    | Transitions        | 14                                             |
    | Inputs             | 1                                              |
    | Outputs            | 3                                              |
    | Clock              | n0003 (falling_edge)                           |
    | Reset              | Reset (positive)                               |
    | Reset type         | asynchronous                                   |
    | Reset State        | s1_mo                                          |
    | Power Up State     | s1_mo                                          |
    | Encoding           | auto                                           |
    | Implementation     | LUT                                            |
    -----------------------------------------------------------------------
    Found 3-bit 3-to-1 multiplexer for signal <Y_me> created at line 76.
    Summary:
	inferred   1 D-type flip-flop(s).
	inferred   1 Multiplexer(s).
	inferred   2 Finite State Machine(s).
Unit <Fanoe> synthesized.

=========================================================================
HDL Synthesis Report

Macro Statistics
# Registers                                            : 1
 1-bit register                                        : 1
# Multiplexers                                         : 1
 3-bit 3-to-1 multiplexer                              : 1
# FSMs                                                 : 2

=========================================================================

=========================================================================
*                       Advanced HDL Synthesis                          *
=========================================================================


=========================================================================
Advanced HDL Synthesis Report

Macro Statistics
# Registers                                            : 1
 Flip-Flops                                            : 1
# FSMs                                                 : 2

=========================================================================

=========================================================================
*                         Low Level Synthesis                           *
=========================================================================
Analyzing FSM <MFsm> for best encoding.
Optimizing FSM <FSM_0> on signal <S_me[1:2]> with user encoding.
-------------------
 State | Encoding
-------------------
 s1_me | 00
 s2_me | 01
 s3_me | 10
-------------------
Analyzing FSM <MFsm> for best encoding.
Optimizing FSM <FSM_1> on signal <S_mo[1:3]> with sequential encoding.
-------------------
 State | Encoding
-------------------
 s1_mo | 000
 s2_mo | 010
 s3_mo | 001
 s4_mo | 100
 s5_mo | 011
 s6_mo | 110
 s7_mo | 101
-------------------
WARNING:Xst:2170 - Unit Fanoe : the following signal(s) form a combinatorial loop: n0003.

Optimizing unit <Fanoe> ...

Mapping all equations...
Building and optimizing final netlist ...
Found area constraint ratio of 100 (+ 5) on block Fanoe, actual ratio is 0.

Final Macro Processing ...

=========================================================================
Final Register Report

Macro Statistics
# Registers                                            : 6
 Flip-Flops                                            : 6

=========================================================================

=========================================================================
*                           Partition Report                            *
=========================================================================

Partition Implementation Status
-------------------------------

  No Partitions were found in this design.

-------------------------------

=========================================================================
*                            Design Summary                             *
=========================================================================

Top Level Output File Name         : Fanoe.ngc

Primitive and Black Box Usage:
------------------------------
# BELS                             : 10
#      LUT2                        : 2
#      LUT3                        : 6
#      LUT4                        : 2
# FlipFlops/Latches                : 6
#      FDC_1                       : 6
# IO Buffers                       : 10
#      IBUF                        : 4
#      OBUF                        : 6

Device utilization summary:
---------------------------

Selected Device : 7a100tcsg324-1 


Slice Logic Utilization: 
 Number of Slice Registers:               6  out of  126800     0%  
 Number of Slice LUTs:                   10  out of  63400     0%  
    Number used as Logic:                10  out of  63400     0%  

Slice Logic Distribution: 
 Number of LUT Flip Flop pairs used:     11
   Number with an unused Flip Flop:       5  out of     11    45%  
   Number with an unused LUT:             1  out of     11     9%  
   Number of fully used LUT-FF pairs:     5  out of     11    45%  
   Number of unique control sets:         1

IO Utilization: 
 Number of IOs:                          10
 Number of bonded IOBs:                  10  out of    210     4%  

Specific Feature Utilization:

---------------------------
Partition Resource Summary:
---------------------------

  No Partitions were found in this design.

---------------------------


=========================================================================
Timing Report

NOTE: THESE TIMING NUMBERS ARE ONLY A SYNTHESIS ESTIMATE.
      FOR ACCURATE TIMING INFORMATION PLEASE REFER TO THE TRACE REPORT
      GENERATED AFTER PLACE-and-ROUTE.

Clock Information:
------------------
-----------------------------------+------------------------+-------+
Clock Signal                       | Clock buffer(FF name)  | Load  |
-----------------------------------+------------------------+-------+
n0003(n00031:O)                    | NONE(*)(x_sync)        | 6     |
-----------------------------------+------------------------+-------+
(*) This 1 clock signal(s) are generated by combinatorial logic,
and XST is not able to identify which are the primary clock signals.
Please use the CLOCK_SIGNAL constraint to specify the clock signal(s) generated by combinatorial logic.
INFO:Xst:2169 - HDL ADVISOR - Some clock signals were not automatically buffered by XST with BUFG/BUFR resources. Please use the buffer_type constraint in order to insert these buffers to the clock signals to help prevent skew problems.

Asynchronous Control Signals Information:
----------------------------------------
No asynchronous control signals found in this design

Timing Summary:
---------------
Speed Grade: -1

   Minimum period: 1.454ns (Maximum Frequency: 687.758MHz)
   Minimum input arrival time before clock: 0.927ns
   Maximum output required time after clock: 1.763ns
   Maximum combinational path delay: No path found

Timing Details:
---------------
All values displayed in nanoseconds (ns)

=========================================================================
Timing constraint: Default period analysis for Clock 'n0003'
  Clock period: 1.454ns (frequency: 687.758MHz)
  Total number of paths / destination ports: 14 / 5
-------------------------------------------------------------------------
Delay:               1.454ns (Levels of Logic = 1)
  Source:            x_sync (FF)
  Destination:       S_mo_FSM_FFd2 (FF)
  Source Clock:      n0003 falling
  Destination Clock: n0003 falling

  Data Path: x_sync to S_mo_FSM_FFd2
                                Gate     Net
    Cell:in->out      fanout   Delay   Delay  Logical Name (Net Name)
    ----------------------------------------  ------------
     FDC_1:C->Q            7   0.484   0.816  x_sync (x_sync)
     LUT4:I0->O            1   0.124   0.000  S_mo_FSM_FFd2-In1 (S_mo_FSM_FFd2-In)
     FDC_1:D                   0.030          S_mo_FSM_FFd2
    ----------------------------------------
    Total                      1.454ns (0.638ns logic, 0.816ns route)
                                       (43.9% logic, 56.1% route)

=========================================================================
Timing constraint: Default OFFSET IN BEFORE for Clock 'n0003'
  Total number of paths / destination ports: 7 / 7
-------------------------------------------------------------------------
Offset:              0.927ns (Levels of Logic = 1)
  Source:            Reset (PAD)
  Destination:       x_sync (FF)
  Destination Clock: n0003 falling

  Data Path: Reset to x_sync
                                Gate     Net
    Cell:in->out      fanout   Delay   Delay  Logical Name (Net Name)
    ----------------------------------------  ------------
     IBUF:I->O             6   0.001   0.432  Reset_IBUF (Reset_IBUF)
     FDC_1:CLR                 0.494          x_sync
    ----------------------------------------
    Total                      0.927ns (0.495ns logic, 0.432ns route)
                                       (53.4% logic, 46.6% route)

=========================================================================
Timing constraint: Default OFFSET OUT AFTER for Clock 'n0003'
  Total number of paths / destination ports: 15 / 6
-------------------------------------------------------------------------
Offset:              1.763ns (Levels of Logic = 2)
  Source:            x_sync (FF)
  Destination:       y1_me (PAD)
  Source Clock:      n0003 falling

  Data Path: x_sync to y1_me
                                Gate     Net
    Cell:in->out      fanout   Delay   Delay  Logical Name (Net Name)
    ----------------------------------------  ------------
     FDC_1:C->Q            7   0.484   0.756  x_sync (x_sync)
     LUT3:I0->O            1   0.124   0.399  Mmux_Y_me21 (y1_me_OBUF)
     OBUF:I->O                 0.000          y1_me_OBUF (y1_me)
    ----------------------------------------
    Total                      1.763ns (0.608ns logic, 1.155ns route)
                                       (34.5% logic, 65.5% route)

=========================================================================

Cross Clock Domains Report:
--------------------------

Clock to Setup on destination clock n0003
---------------+---------+---------+---------+---------+
               | Src:Rise| Src:Fall| Src:Rise| Src:Fall|
Source Clock   |Dest:Rise|Dest:Rise|Dest:Fall|Dest:Fall|
---------------+---------+---------+---------+---------+
n0003          |         |         |    1.454|         |
---------------+---------+---------+---------+---------+

=========================================================================


Total REAL time to Xst completion: 11.00 secs
Total CPU time to Xst completion: 10.44 secs
 
--> 


Total memory usage is 510804 kilobytes

Number of errors   :    0 (   0 filtered)
Number of warnings :    4 (   0 filtered)
Number of infos    :    1 (   0 filtered)

