Release 14.7 - xst P.20131013 (lin64)
Copyright (c) 1995-2013 Xilinx, Inc.  All rights reserved.
--> 
Parameter TMPDIR set to xst/projnav.tmp


Total REAL time to Xst completion: 0.00 secs
Total CPU time to Xst completion: 0.05 secs
 
--> 
Parameter xsthdpdir set to xst


Total REAL time to Xst completion: 0.00 secs
Total CPU time to Xst completion: 0.05 secs
 
--> 
Reading design: ALU.prj

TABLE OF CONTENTS
  1) Synthesis Options Summary
  2) HDL Parsing
  3) HDL Elaboration
  4) HDL Synthesis
       4.1) HDL Synthesis Report
  5) Advanced HDL Synthesis
       5.1) Advanced HDL Synthesis Report
  6) Low Level Synthesis
  7) Partition Report
  8) Design Summary
       8.1) Primitive and Black Box Usage
       8.2) Device utilization summary
       8.3) Partition Resource Summary
       8.4) Timing Report
            8.4.1) Clock Information
            8.4.2) Asynchronous Control Signals Information
            8.4.3) Timing Summary
            8.4.4) Timing Details
            8.4.5) Cross Clock Domains Report


=========================================================================
*                      Synthesis Options Summary                        *
=========================================================================
---- Source Parameters
Input File Name                    : "ALU.prj"
Ignore Synthesis Constraint File   : NO

---- Target Parameters
Output File Name                   : "ALU"
Output Format                      : NGC
Target Device                      : xc7a100t-1-csg324

---- Source Options
Top Module Name                    : ALU
Automatic FSM Extraction           : YES
FSM Encoding Algorithm             : Auto
Safe Implementation                : No
FSM Style                          : LUT
RAM Extraction                     : Yes
RAM Style                          : Auto
ROM Extraction                     : Yes
Shift Register Extraction          : YES
ROM Style                          : Auto
Resource Sharing                   : YES
Asynchronous To Synchronous        : NO
Shift Register Minimum Size        : 2
Use DSP Block                      : Auto
Automatic Register Balancing       : No

---- Target Options
LUT Combining                      : Auto
Reduce Control Sets                : Auto
Add IO Buffers                     : YES
Global Maximum Fanout              : 100000
Add Generic Clock Buffer(BUFG)     : 32
Register Duplication               : YES
Optimize Instantiated Primitives   : NO
Use Clock Enable                   : Auto
Use Synchronous Set                : Auto
Use Synchronous Reset              : Auto
Pack IO Registers into IOBs        : Auto
Equivalent register Removal        : YES

---- General Options
Optimization Goal                  : Speed
Optimization Effort                : 1
Power Reduction                    : NO
Keep Hierarchy                     : No
Netlist Hierarchy                  : As_Optimized
RTL Output                         : Yes
Global Optimization                : AllClockNets
Read Cores                         : YES
Write Timing Constraints           : NO
Cross Clock Analysis               : NO
Hierarchy Separator                : /
Bus Delimiter                      : <>
Case Specifier                     : Maintain
Slice Utilization Ratio            : 100
BRAM Utilization Ratio             : 100
DSP48 Utilization Ratio            : 100
Auto BRAM Packing                  : NO
Slice Utilization Ratio Delta      : 5

=========================================================================


=========================================================================
*                          HDL Parsing                                  *
=========================================================================
Parsing VHDL file "/home/scandic/Documents/hpi-vhdl-2016/pue2/Mini-ALU/ALU.vhd" into library work
Parsing entity <ALU>.
Parsing architecture <Behavioral> of entity <alu>.

=========================================================================
*                            HDL Elaboration                            *
=========================================================================

Elaborating entity <ALU> (architecture <Behavioral>) from library <work>.
WARNING:HDLCompiler:92 - "/home/scandic/Documents/hpi-vhdl-2016/pue2/Mini-ALU/ALU.vhd" Line 55: caus should be on the sensitivity list of the process
WARNING:HDLCompiler:92 - "/home/scandic/Documents/hpi-vhdl-2016/pue2/Mini-ALU/ALU.vhd" Line 56: zw should be on the sensitivity list of the process
WARNING:HDLCompiler:92 - "/home/scandic/Documents/hpi-vhdl-2016/pue2/Mini-ALU/ALU.vhd" Line 57: yu should be on the sensitivity list of the process

=========================================================================
*                           HDL Synthesis                               *
=========================================================================

Synthesizing Unit <ALU>.
    Related source file is "/home/scandic/Documents/hpi-vhdl-2016/pue2/Mini-ALU/ALU.vhd".
    Found 3-bit adder for signal <Sum> created at line 48.
    Found 3-bit adder for signal <Zw> created at line 49.
    Found 1-bit 3-to-1 multiplexer for signal <O[2]_GND_5_o_wide_mux_5_OUT<2>> created at line 45.
    Found 1-bit 3-to-1 multiplexer for signal <O[2]_GND_5_o_wide_mux_5_OUT<1>> created at line 45.
    Found 1-bit 3-to-1 multiplexer for signal <O[2]_GND_5_o_wide_mux_5_OUT<0>> created at line 45.
WARNING:Xst:737 - Found 1-bit latch for signal <R<3>>. Latches may be generated from incomplete case or if statements. We do not recommend the use of latches in FPGA/CPLD designs, as they may lead to timing problems.
WARNING:Xst:737 - Found 1-bit latch for signal <R<2>>. Latches may be generated from incomplete case or if statements. We do not recommend the use of latches in FPGA/CPLD designs, as they may lead to timing problems.
WARNING:Xst:737 - Found 1-bit latch for signal <R<1>>. Latches may be generated from incomplete case or if statements. We do not recommend the use of latches in FPGA/CPLD designs, as they may lead to timing problems.
WARNING:Xst:737 - Found 1-bit latch for signal <R<4>>. Latches may be generated from incomplete case or if statements. We do not recommend the use of latches in FPGA/CPLD designs, as they may lead to timing problems.
    Found 3-bit comparator equal for signal <yu> created at line 50
    Found 3-bit comparator greater for signal <yw> created at line 51
    Summary:
	inferred   2 Adder/Subtractor(s).
	inferred   4 Latch(s).
	inferred   2 Comparator(s).
	inferred   3 Multiplexer(s).
Unit <ALU> synthesized.

=========================================================================
HDL Synthesis Report

Macro Statistics
# Adders/Subtractors                                   : 2
 3-bit adder                                           : 2
# Latches                                              : 4
 1-bit latch                                           : 4
# Comparators                                          : 2
 3-bit comparator equal                                : 1
 3-bit comparator greater                              : 1
# Multiplexers                                         : 3
 1-bit 3-to-1 multiplexer                              : 3

=========================================================================

=========================================================================
*                       Advanced HDL Synthesis                          *
=========================================================================


=========================================================================
Advanced HDL Synthesis Report

Macro Statistics
# Adders/Subtractors                                   : 2
 3-bit adder                                           : 2
# Comparators                                          : 2
 3-bit comparator equal                                : 1
 3-bit comparator greater                              : 1
# Multiplexers                                         : 3
 1-bit 3-to-1 multiplexer                              : 3

=========================================================================

=========================================================================
*                         Low Level Synthesis                           *
=========================================================================

Optimizing unit <ALU> ...

Mapping all equations...
Building and optimizing final netlist ...
Found area constraint ratio of 100 (+ 5) on block ALU, actual ratio is 0.

Final Macro Processing ...

=========================================================================
Final Register Report

Found no macro
=========================================================================

=========================================================================
*                           Partition Report                            *
=========================================================================

Partition Implementation Status
-------------------------------

  No Partitions were found in this design.

-------------------------------

=========================================================================
*                            Design Summary                             *
=========================================================================

Top Level Output File Name         : ALU.ngc

Primitive and Black Box Usage:
------------------------------
# BELS                             : 10
#      LUT2                        : 3
#      LUT5                        : 3
#      LUT6                        : 3
#      MUXF7                       : 1
# FlipFlops/Latches                : 4
#      LD                          : 4
# Clock Buffers                    : 1
#      BUFGP                       : 1
# IO Buffers                       : 12
#      IBUF                        : 8
#      OBUF                        : 4

Device utilization summary:
---------------------------

Selected Device : 7a100tcsg324-1 


Slice Logic Utilization: 
 Number of Slice LUTs:                    9  out of  63400     0%  
    Number used as Logic:                 9  out of  63400     0%  

Slice Logic Distribution: 
 Number of LUT Flip Flop pairs used:      9
   Number with an unused Flip Flop:       9  out of      9   100%  
   Number with an unused LUT:             0  out of      9     0%  
   Number of fully used LUT-FF pairs:     0  out of      9     0%  
   Number of unique control sets:         1

IO Utilization: 
 Number of IOs:                          13
 Number of bonded IOBs:                  13  out of    210     6%  
    IOB Flip Flops/Latches:               4

Specific Feature Utilization:
 Number of BUFG/BUFGCTRLs:                1  out of     32     3%  

---------------------------
Partition Resource Summary:
---------------------------

  No Partitions were found in this design.

---------------------------


=========================================================================
Timing Report

NOTE: THESE TIMING NUMBERS ARE ONLY A SYNTHESIS ESTIMATE.
      FOR ACCURATE TIMING INFORMATION PLEASE REFER TO THE TRACE REPORT
      GENERATED AFTER PLACE-and-ROUTE.

Clock Information:
------------------
-----------------------------------+------------------------+-------+
Clock Signal                       | Clock buffer(FF name)  | Load  |
-----------------------------------+------------------------+-------+
Cein                               | BUFGP                  | 4     |
-----------------------------------+------------------------+-------+

Asynchronous Control Signals Information:
----------------------------------------
No asynchronous control signals found in this design

Timing Summary:
---------------
Speed Grade: -1

   Minimum period: No path found
   Minimum input arrival time before clock: 1.989ns
   Maximum output required time after clock: 1.024ns
   Maximum combinational path delay: No path found

Timing Details:
---------------
All values displayed in nanoseconds (ns)

=========================================================================
Timing constraint: Default OFFSET IN BEFORE for Clock 'Cein'
  Total number of paths / destination ports: 36 / 4
-------------------------------------------------------------------------
Offset:              1.989ns (Levels of Logic = 3)
  Source:            OP_A<3> (PAD)
  Destination:       R_1 (LATCH)
  Destination Clock: Cein falling

  Data Path: OP_A<3> to R_1
                                Gate     Net
    Cell:in->out      fanout   Delay   Delay  Logical Name (Net Name)
    ----------------------------------------  ------------
     IBUF:I->O             3   0.001   0.953  OP_A_3_IBUF (OP_A_3_IBUF)
     LUT6:I0->O            1   0.124   0.776  Mmux_O[2]_GND_5_o_wide_mux_5_OUT<0>11 (Mmux_O[2]_GND_5_o_wide_mux_5_OUT<0>1)
     LUT5:I1->O            1   0.124   0.000  Mmux_O[2]_GND_5_o_wide_mux_5_OUT<0>12 (O[2]_GND_5_o_wide_mux_5_OUT<0>)
     LD:D                      0.011          R_1
    ----------------------------------------
    Total                      1.989ns (0.260ns logic, 1.729ns route)
                                       (13.1% logic, 86.9% route)

=========================================================================
Timing constraint: Default OFFSET OUT AFTER for Clock 'Cein'
  Total number of paths / destination ports: 4 / 4
-------------------------------------------------------------------------
Offset:              1.024ns (Levels of Logic = 1)
  Source:            R_4 (LATCH)
  Destination:       R<4> (PAD)
  Source Clock:      Cein falling

  Data Path: R_4 to R<4>
                                Gate     Net
    Cell:in->out      fanout   Delay   Delay  Logical Name (Net Name)
    ----------------------------------------  ------------
     LD:G->Q               1   0.625   0.399  R_4 (R_4)
     OBUF:I->O                 0.000          R_4_OBUF (R<4>)
    ----------------------------------------
    Total                      1.024ns (0.625ns logic, 0.399ns route)
                                       (61.0% logic, 39.0% route)

=========================================================================

Cross Clock Domains Report:
--------------------------

=========================================================================


Total REAL time to Xst completion: 10.00 secs
Total CPU time to Xst completion: 10.21 secs
 
--> 


Total memory usage is 503672 kilobytes

Number of errors   :    0 (   0 filtered)
Number of warnings :    7 (   0 filtered)
Number of infos    :    0 (   0 filtered)

